<?xml version="1.0" encoding="UTF-8" standalone="no"?>
<testsuite errors="0" failures="6" name="io.cucumber.core.plugin.JUnitFormatter" skipped="0" tests="13" time="125.7">
    <testcase classname="ECommerce Cart Flow" name="Add product to cart" time="10.24">
        <failure message="Element &lt;a class=&quot;product_img_link&quot; href=&quot;http://automationpractice.com/index.php?id_product=1&amp;controller=product&amp;search_query=Faded+Short+Sleeve+T-shirts&amp;results=1&quot;&gt; could not be scrolled into view&#10;Build info: version: '3.141.59', revision: 'e82be7d358', time: '2018-11-14T08:17:03'&#10;System info: host: 'LAPTOP-MO618RGM', ip: '172.20.144.1', os.name: 'Windows 11', os.arch: 'amd64', os.version: '10.0', java.version: '11.0.14'&#10;Driver info: org.openqa.selenium.remote.RemoteWebDriver&#10;Capabilities {acceptInsecureCerts: true, browserName: firefox, browserVersion: 99.0.1, javascriptEnabled: true, moz:accessibilityChecks: false, moz:buildID: 20220411174855, moz:geckodriverVersion: 0.31.0, moz:headless: false, moz:processID: 147, moz:profile: /tmp/rust_mozprofilesZx1ht, moz:shutdownTimeout: 60000, moz:useNonSpecCompliantPointerOrigin: false, moz:webdriverClick: true, pageLoadStrategy: normal, platform: ANY, platformName: ANY, platformVersion: 5.10.16.3-microsoft-standar..., proxy: Proxy(), se:cdp: ws://172.17.0.2:4444/sessio..., se:noVncPort: 7900, se:vnc: ws://172.17.0.2:4444/sessio..., se:vncEnabled: true, se:vncLocalAddress: ws://172.17.0.2:7900, setWindowRect: true, strictFileInteractability: false, timeouts: {implicit: 0, pageLoad: 300000, script: 30000}, unhandledPromptBehavior: dismiss and notify, version: }&#10;Session ID: 58ca2516-72b7-4d6a-b4c1-bbf7b09feb94" type="org.openqa.selenium.ElementNotInteractableException">
            <![CDATA[Given I launch browser......................................................passed
When I open the Automation Ecommerce WebSite................................passed
Then I search for a product "Faded Short Sleeve T-shirts"...................passed
Then I visualize the first product on page..................................failed
Then I click on Add to cart.................................................skipped
Then I close the cart preview...............................................skipped
And Close browser...........................................................skipped

StackTrace:
org.openqa.selenium.ElementNotInteractableException: Element <a class="product_img_link" href="http://automationpractice.com/index.php?id_product=1&controller=product&search_query=Faded+Short+Sleeve+T-shirts&results=1"> could not be scrolled into view
Build info: version: '3.141.59', revision: 'e82be7d358', time: '2018-11-14T08:17:03'
System info: host: 'LAPTOP-MO618RGM', ip: '172.20.144.1', os.name: 'Windows 11', os.arch: 'amd64', os.version: '10.0', java.version: '11.0.14'
Driver info: org.openqa.selenium.remote.RemoteWebDriver
Capabilities {acceptInsecureCerts: true, browserName: firefox, browserVersion: 99.0.1, javascriptEnabled: true, moz:accessibilityChecks: false, moz:buildID: 20220411174855, moz:geckodriverVersion: 0.31.0, moz:headless: false, moz:processID: 147, moz:profile: /tmp/rust_mozprofilesZx1ht, moz:shutdownTimeout: 60000, moz:useNonSpecCompliantPointerOrigin: false, moz:webdriverClick: true, pageLoadStrategy: normal, platform: ANY, platformName: ANY, platformVersion: 5.10.16.3-microsoft-standar..., proxy: Proxy(), se:cdp: ws://172.17.0.2:4444/sessio..., se:noVncPort: 7900, se:vnc: ws://172.17.0.2:4444/sessio..., se:vncEnabled: true, se:vncLocalAddress: ws://172.17.0.2:7900, setWindowRect: true, strictFileInteractability: false, timeouts: {implicit: 0, pageLoad: 300000, script: 30000}, unhandledPromptBehavior: dismiss and notify, version: }
Session ID: 58ca2516-72b7-4d6a-b4c1-bbf7b09feb94
	at java.base/jdk.internal.reflect.NativeConstructorAccessorImpl.newInstance0(Native Method)
	at java.base/jdk.internal.reflect.NativeConstructorAccessorImpl.newInstance(NativeConstructorAccessorImpl.java:62)
	at java.base/jdk.internal.reflect.DelegatingConstructorAccessorImpl.newInstance(DelegatingConstructorAccessorImpl.java:45)
	at java.base/java.lang.reflect.Constructor.newInstance(Constructor.java:490)
	at org.openqa.selenium.remote.http.W3CHttpResponseCodec.createException(W3CHttpResponseCodec.java:187)
	at org.openqa.selenium.remote.http.W3CHttpResponseCodec.decode(W3CHttpResponseCodec.java:122)
	at org.openqa.selenium.remote.http.W3CHttpResponseCodec.decode(W3CHttpResponseCodec.java:49)
	at org.openqa.selenium.remote.HttpCommandExecutor.execute(HttpCommandExecutor.java:158)
	at org.openqa.selenium.remote.RemoteWebDriver.execute(RemoteWebDriver.java:552)
	at org.openqa.selenium.remote.RemoteWebElement.execute(RemoteWebElement.java:285)
	at org.openqa.selenium.remote.RemoteWebElement.click(RemoteWebElement.java:84)
	at java.base/jdk.internal.reflect.NativeMethodAccessorImpl.invoke0(Native Method)
	at java.base/jdk.internal.reflect.NativeMethodAccessorImpl.invoke(NativeMethodAccessorImpl.java:62)
	at java.base/jdk.internal.reflect.DelegatingMethodAccessorImpl.invoke(DelegatingMethodAccessorImpl.java:43)
	at java.base/java.lang.reflect.Method.invoke(Method.java:566)
	at org.openqa.selenium.support.pagefactory.internal.LocatingElementHandler.invoke(LocatingElementHandler.java:51)
	at com.sun.proxy.$Proxy18.click(Unknown Source)
	at utils.WebElementUtils.clickOnElement(WebElementUtils.java:38)
	at pages.CartPage.openProductPreview(CartPage.java:62)
	at stepDefinitions.CartFlowSteps.i_visualize_the_first_product_on_page(CartFlowSteps.java:20)
	at ✽.I visualize the first product on page(file:///C:/QAConsultants/PoCs/ECommerceQA/Features/CartFlow.feature:7)
]]>
        </failure>
    </testcase>
    <testcase classname="ECommerce Cart Flow" name="Add product to cart and check price" time="3.465">
        <failure message="Element &lt;a class=&quot;product_img_link&quot; href=&quot;http://automationpractice.com/index.php?id_product=1&amp;controller=product&amp;search_query=Faded+Short+Sleeve+T-shirts&amp;results=1&quot;&gt; could not be scrolled into view&#10;Build info: version: '3.141.59', revision: 'e82be7d358', time: '2018-11-14T08:17:03'&#10;System info: host: 'LAPTOP-MO618RGM', ip: '172.20.144.1', os.name: 'Windows 11', os.arch: 'amd64', os.version: '10.0', java.version: '11.0.14'&#10;Driver info: org.openqa.selenium.remote.RemoteWebDriver&#10;Capabilities {acceptInsecureCerts: true, browserName: firefox, browserVersion: 99.0.1, javascriptEnabled: true, moz:accessibilityChecks: false, moz:buildID: 20220411174855, moz:geckodriverVersion: 0.31.0, moz:headless: false, moz:processID: 147, moz:profile: /tmp/rust_mozprofilesZx1ht, moz:shutdownTimeout: 60000, moz:useNonSpecCompliantPointerOrigin: false, moz:webdriverClick: true, pageLoadStrategy: normal, platform: ANY, platformName: ANY, platformVersion: 5.10.16.3-microsoft-standar..., proxy: Proxy(), se:cdp: ws://172.17.0.2:4444/sessio..., se:noVncPort: 7900, se:vnc: ws://172.17.0.2:4444/sessio..., se:vncEnabled: true, se:vncLocalAddress: ws://172.17.0.2:7900, setWindowRect: true, strictFileInteractability: false, timeouts: {implicit: 0, pageLoad: 300000, script: 30000}, unhandledPromptBehavior: dismiss and notify, version: }&#10;Session ID: 58ca2516-72b7-4d6a-b4c1-bbf7b09feb94" type="org.openqa.selenium.ElementNotInteractableException">
            <![CDATA[Given I launch browser......................................................passed
When I open the Automation Ecommerce WebSite................................passed
Then I search for a product "Faded Short Sleeve T-shirts"...................passed
Then I visualize the first product on page..................................failed
Then I store the product price..............................................skipped
Then I click on Add to cart.................................................skipped
Then I confirm that the product price was not changed.......................skipped
Then I close the cart preview...............................................skipped
And Close browser...........................................................skipped

StackTrace:
org.openqa.selenium.ElementNotInteractableException: Element <a class="product_img_link" href="http://automationpractice.com/index.php?id_product=1&controller=product&search_query=Faded+Short+Sleeve+T-shirts&results=1"> could not be scrolled into view
Build info: version: '3.141.59', revision: 'e82be7d358', time: '2018-11-14T08:17:03'
System info: host: 'LAPTOP-MO618RGM', ip: '172.20.144.1', os.name: 'Windows 11', os.arch: 'amd64', os.version: '10.0', java.version: '11.0.14'
Driver info: org.openqa.selenium.remote.RemoteWebDriver
Capabilities {acceptInsecureCerts: true, browserName: firefox, browserVersion: 99.0.1, javascriptEnabled: true, moz:accessibilityChecks: false, moz:buildID: 20220411174855, moz:geckodriverVersion: 0.31.0, moz:headless: false, moz:processID: 147, moz:profile: /tmp/rust_mozprofilesZx1ht, moz:shutdownTimeout: 60000, moz:useNonSpecCompliantPointerOrigin: false, moz:webdriverClick: true, pageLoadStrategy: normal, platform: ANY, platformName: ANY, platformVersion: 5.10.16.3-microsoft-standar..., proxy: Proxy(), se:cdp: ws://172.17.0.2:4444/sessio..., se:noVncPort: 7900, se:vnc: ws://172.17.0.2:4444/sessio..., se:vncEnabled: true, se:vncLocalAddress: ws://172.17.0.2:7900, setWindowRect: true, strictFileInteractability: false, timeouts: {implicit: 0, pageLoad: 300000, script: 30000}, unhandledPromptBehavior: dismiss and notify, version: }
Session ID: 58ca2516-72b7-4d6a-b4c1-bbf7b09feb94
	at java.base/jdk.internal.reflect.NativeConstructorAccessorImpl.newInstance0(Native Method)
	at java.base/jdk.internal.reflect.NativeConstructorAccessorImpl.newInstance(NativeConstructorAccessorImpl.java:62)
	at java.base/jdk.internal.reflect.DelegatingConstructorAccessorImpl.newInstance(DelegatingConstructorAccessorImpl.java:45)
	at java.base/java.lang.reflect.Constructor.newInstance(Constructor.java:490)
	at org.openqa.selenium.remote.http.W3CHttpResponseCodec.createException(W3CHttpResponseCodec.java:187)
	at org.openqa.selenium.remote.http.W3CHttpResponseCodec.decode(W3CHttpResponseCodec.java:122)
	at org.openqa.selenium.remote.http.W3CHttpResponseCodec.decode(W3CHttpResponseCodec.java:49)
	at org.openqa.selenium.remote.HttpCommandExecutor.execute(HttpCommandExecutor.java:158)
	at org.openqa.selenium.remote.RemoteWebDriver.execute(RemoteWebDriver.java:552)
	at org.openqa.selenium.remote.RemoteWebElement.execute(RemoteWebElement.java:285)
	at org.openqa.selenium.remote.RemoteWebElement.click(RemoteWebElement.java:84)
	at java.base/jdk.internal.reflect.NativeMethodAccessorImpl.invoke0(Native Method)
	at java.base/jdk.internal.reflect.NativeMethodAccessorImpl.invoke(NativeMethodAccessorImpl.java:62)
	at java.base/jdk.internal.reflect.DelegatingMethodAccessorImpl.invoke(DelegatingMethodAccessorImpl.java:43)
	at java.base/java.lang.reflect.Method.invoke(Method.java:566)
	at org.openqa.selenium.support.pagefactory.internal.LocatingElementHandler.invoke(LocatingElementHandler.java:51)
	at com.sun.proxy.$Proxy18.click(Unknown Source)
	at utils.WebElementUtils.clickOnElement(WebElementUtils.java:38)
	at pages.CartPage.openProductPreview(CartPage.java:62)
	at stepDefinitions.CartFlowSteps.i_visualize_the_first_product_on_page(CartFlowSteps.java:20)
	at ✽.I visualize the first product on page(file:///C:/QAConsultants/PoCs/ECommerceQA/Features/CartFlow.feature:16)
]]>
        </failure>
    </testcase>
    <testcase classname="ECommerce Cart Flow" name="Add product to cart and change quantity" time="2.928">
        <failure message="Element &lt;a class=&quot;product_img_link&quot; href=&quot;http://automationpractice.com/index.php?id_product=1&amp;controller=product&amp;search_query=Faded+Short+Sleeve+T-shirts&amp;results=1&quot;&gt; could not be scrolled into view&#10;Build info: version: '3.141.59', revision: 'e82be7d358', time: '2018-11-14T08:17:03'&#10;System info: host: 'LAPTOP-MO618RGM', ip: '172.20.144.1', os.name: 'Windows 11', os.arch: 'amd64', os.version: '10.0', java.version: '11.0.14'&#10;Driver info: org.openqa.selenium.remote.RemoteWebDriver&#10;Capabilities {acceptInsecureCerts: true, browserName: firefox, browserVersion: 99.0.1, javascriptEnabled: true, moz:accessibilityChecks: false, moz:buildID: 20220411174855, moz:geckodriverVersion: 0.31.0, moz:headless: false, moz:processID: 147, moz:profile: /tmp/rust_mozprofilesZx1ht, moz:shutdownTimeout: 60000, moz:useNonSpecCompliantPointerOrigin: false, moz:webdriverClick: true, pageLoadStrategy: normal, platform: ANY, platformName: ANY, platformVersion: 5.10.16.3-microsoft-standar..., proxy: Proxy(), se:cdp: ws://172.17.0.2:4444/sessio..., se:noVncPort: 7900, se:vnc: ws://172.17.0.2:4444/sessio..., se:vncEnabled: true, se:vncLocalAddress: ws://172.17.0.2:7900, setWindowRect: true, strictFileInteractability: false, timeouts: {implicit: 0, pageLoad: 300000, script: 30000}, unhandledPromptBehavior: dismiss and notify, version: }&#10;Session ID: 58ca2516-72b7-4d6a-b4c1-bbf7b09feb94" type="org.openqa.selenium.ElementNotInteractableException">
            <![CDATA[Given I launch browser......................................................passed
When I open the Automation Ecommerce WebSite................................passed
Then I search for a product "Faded Short Sleeve T-shirts"...................passed
Then I visualize the first product on page..................................failed
Then I click on Add to cart.................................................skipped
Then I close the cart preview...............................................skipped
Then I open the full cart shopping..........................................skipped
Then I will validate the results: 5 5 accepted..............................skipped
And Close browser...........................................................skipped

StackTrace:
org.openqa.selenium.ElementNotInteractableException: Element <a class="product_img_link" href="http://automationpractice.com/index.php?id_product=1&controller=product&search_query=Faded+Short+Sleeve+T-shirts&results=1"> could not be scrolled into view
Build info: version: '3.141.59', revision: 'e82be7d358', time: '2018-11-14T08:17:03'
System info: host: 'LAPTOP-MO618RGM', ip: '172.20.144.1', os.name: 'Windows 11', os.arch: 'amd64', os.version: '10.0', java.version: '11.0.14'
Driver info: org.openqa.selenium.remote.RemoteWebDriver
Capabilities {acceptInsecureCerts: true, browserName: firefox, browserVersion: 99.0.1, javascriptEnabled: true, moz:accessibilityChecks: false, moz:buildID: 20220411174855, moz:geckodriverVersion: 0.31.0, moz:headless: false, moz:processID: 147, moz:profile: /tmp/rust_mozprofilesZx1ht, moz:shutdownTimeout: 60000, moz:useNonSpecCompliantPointerOrigin: false, moz:webdriverClick: true, pageLoadStrategy: normal, platform: ANY, platformName: ANY, platformVersion: 5.10.16.3-microsoft-standar..., proxy: Proxy(), se:cdp: ws://172.17.0.2:4444/sessio..., se:noVncPort: 7900, se:vnc: ws://172.17.0.2:4444/sessio..., se:vncEnabled: true, se:vncLocalAddress: ws://172.17.0.2:7900, setWindowRect: true, strictFileInteractability: false, timeouts: {implicit: 0, pageLoad: 300000, script: 30000}, unhandledPromptBehavior: dismiss and notify, version: }
Session ID: 58ca2516-72b7-4d6a-b4c1-bbf7b09feb94
	at java.base/jdk.internal.reflect.NativeConstructorAccessorImpl.newInstance0(Native Method)
	at java.base/jdk.internal.reflect.NativeConstructorAccessorImpl.newInstance(NativeConstructorAccessorImpl.java:62)
	at java.base/jdk.internal.reflect.DelegatingConstructorAccessorImpl.newInstance(DelegatingConstructorAccessorImpl.java:45)
	at java.base/java.lang.reflect.Constructor.newInstance(Constructor.java:490)
	at org.openqa.selenium.remote.http.W3CHttpResponseCodec.createException(W3CHttpResponseCodec.java:187)
	at org.openqa.selenium.remote.http.W3CHttpResponseCodec.decode(W3CHttpResponseCodec.java:122)
	at org.openqa.selenium.remote.http.W3CHttpResponseCodec.decode(W3CHttpResponseCodec.java:49)
	at org.openqa.selenium.remote.HttpCommandExecutor.execute(HttpCommandExecutor.java:158)
	at org.openqa.selenium.remote.RemoteWebDriver.execute(RemoteWebDriver.java:552)
	at org.openqa.selenium.remote.RemoteWebElement.execute(RemoteWebElement.java:285)
	at org.openqa.selenium.remote.RemoteWebElement.click(RemoteWebElement.java:84)
	at java.base/jdk.internal.reflect.NativeMethodAccessorImpl.invoke0(Native Method)
	at java.base/jdk.internal.reflect.NativeMethodAccessorImpl.invoke(NativeMethodAccessorImpl.java:62)
	at java.base/jdk.internal.reflect.DelegatingMethodAccessorImpl.invoke(DelegatingMethodAccessorImpl.java:43)
	at java.base/java.lang.reflect.Method.invoke(Method.java:566)
	at org.openqa.selenium.support.pagefactory.internal.LocatingElementHandler.invoke(LocatingElementHandler.java:51)
	at com.sun.proxy.$Proxy18.click(Unknown Source)
	at utils.WebElementUtils.clickOnElement(WebElementUtils.java:38)
	at pages.CartPage.openProductPreview(CartPage.java:62)
	at stepDefinitions.CartFlowSteps.i_visualize_the_first_product_on_page(CartFlowSteps.java:20)
	at ✽.I visualize the first product on page(file:///C:/QAConsultants/PoCs/ECommerceQA/Features/CartFlow.feature:27)
]]>
        </failure>
    </testcase>
    <testcase classname="ECommerce Cart Flow" name="Add product to cart and change quantity 2" time="3.041">
        <failure message="Element &lt;a class=&quot;product_img_link&quot; href=&quot;http://automationpractice.com/index.php?id_product=1&amp;controller=product&amp;search_query=Faded+Short+Sleeve+T-shirts&amp;results=1&quot;&gt; could not be scrolled into view&#10;Build info: version: '3.141.59', revision: 'e82be7d358', time: '2018-11-14T08:17:03'&#10;System info: host: 'LAPTOP-MO618RGM', ip: '172.20.144.1', os.name: 'Windows 11', os.arch: 'amd64', os.version: '10.0', java.version: '11.0.14'&#10;Driver info: org.openqa.selenium.remote.RemoteWebDriver&#10;Capabilities {acceptInsecureCerts: true, browserName: firefox, browserVersion: 99.0.1, javascriptEnabled: true, moz:accessibilityChecks: false, moz:buildID: 20220411174855, moz:geckodriverVersion: 0.31.0, moz:headless: false, moz:processID: 147, moz:profile: /tmp/rust_mozprofilesZx1ht, moz:shutdownTimeout: 60000, moz:useNonSpecCompliantPointerOrigin: false, moz:webdriverClick: true, pageLoadStrategy: normal, platform: ANY, platformName: ANY, platformVersion: 5.10.16.3-microsoft-standar..., proxy: Proxy(), se:cdp: ws://172.17.0.2:4444/sessio..., se:noVncPort: 7900, se:vnc: ws://172.17.0.2:4444/sessio..., se:vncEnabled: true, se:vncLocalAddress: ws://172.17.0.2:7900, setWindowRect: true, strictFileInteractability: false, timeouts: {implicit: 0, pageLoad: 300000, script: 30000}, unhandledPromptBehavior: dismiss and notify, version: }&#10;Session ID: 58ca2516-72b7-4d6a-b4c1-bbf7b09feb94" type="org.openqa.selenium.ElementNotInteractableException">
            <![CDATA[Given I launch browser......................................................passed
When I open the Automation Ecommerce WebSite................................passed
Then I search for a product "Faded Short Sleeve T-shirts"...................passed
Then I visualize the first product on page..................................failed
Then I click on Add to cart.................................................skipped
Then I close the cart preview...............................................skipped
Then I open the full cart shopping..........................................skipped
Then I will validate the results: 100 100 accepted..........................skipped
And Close browser...........................................................skipped

StackTrace:
org.openqa.selenium.ElementNotInteractableException: Element <a class="product_img_link" href="http://automationpractice.com/index.php?id_product=1&controller=product&search_query=Faded+Short+Sleeve+T-shirts&results=1"> could not be scrolled into view
Build info: version: '3.141.59', revision: 'e82be7d358', time: '2018-11-14T08:17:03'
System info: host: 'LAPTOP-MO618RGM', ip: '172.20.144.1', os.name: 'Windows 11', os.arch: 'amd64', os.version: '10.0', java.version: '11.0.14'
Driver info: org.openqa.selenium.remote.RemoteWebDriver
Capabilities {acceptInsecureCerts: true, browserName: firefox, browserVersion: 99.0.1, javascriptEnabled: true, moz:accessibilityChecks: false, moz:buildID: 20220411174855, moz:geckodriverVersion: 0.31.0, moz:headless: false, moz:processID: 147, moz:profile: /tmp/rust_mozprofilesZx1ht, moz:shutdownTimeout: 60000, moz:useNonSpecCompliantPointerOrigin: false, moz:webdriverClick: true, pageLoadStrategy: normal, platform: ANY, platformName: ANY, platformVersion: 5.10.16.3-microsoft-standar..., proxy: Proxy(), se:cdp: ws://172.17.0.2:4444/sessio..., se:noVncPort: 7900, se:vnc: ws://172.17.0.2:4444/sessio..., se:vncEnabled: true, se:vncLocalAddress: ws://172.17.0.2:7900, setWindowRect: true, strictFileInteractability: false, timeouts: {implicit: 0, pageLoad: 300000, script: 30000}, unhandledPromptBehavior: dismiss and notify, version: }
Session ID: 58ca2516-72b7-4d6a-b4c1-bbf7b09feb94
	at java.base/jdk.internal.reflect.NativeConstructorAccessorImpl.newInstance0(Native Method)
	at java.base/jdk.internal.reflect.NativeConstructorAccessorImpl.newInstance(NativeConstructorAccessorImpl.java:62)
	at java.base/jdk.internal.reflect.DelegatingConstructorAccessorImpl.newInstance(DelegatingConstructorAccessorImpl.java:45)
	at java.base/java.lang.reflect.Constructor.newInstance(Constructor.java:490)
	at org.openqa.selenium.remote.http.W3CHttpResponseCodec.createException(W3CHttpResponseCodec.java:187)
	at org.openqa.selenium.remote.http.W3CHttpResponseCodec.decode(W3CHttpResponseCodec.java:122)
	at org.openqa.selenium.remote.http.W3CHttpResponseCodec.decode(W3CHttpResponseCodec.java:49)
	at org.openqa.selenium.remote.HttpCommandExecutor.execute(HttpCommandExecutor.java:158)
	at org.openqa.selenium.remote.RemoteWebDriver.execute(RemoteWebDriver.java:552)
	at org.openqa.selenium.remote.RemoteWebElement.execute(RemoteWebElement.java:285)
	at org.openqa.selenium.remote.RemoteWebElement.click(RemoteWebElement.java:84)
	at java.base/jdk.internal.reflect.NativeMethodAccessorImpl.invoke0(Native Method)
	at java.base/jdk.internal.reflect.NativeMethodAccessorImpl.invoke(NativeMethodAccessorImpl.java:62)
	at java.base/jdk.internal.reflect.DelegatingMethodAccessorImpl.invoke(DelegatingMethodAccessorImpl.java:43)
	at java.base/java.lang.reflect.Method.invoke(Method.java:566)
	at org.openqa.selenium.support.pagefactory.internal.LocatingElementHandler.invoke(LocatingElementHandler.java:51)
	at com.sun.proxy.$Proxy18.click(Unknown Source)
	at utils.WebElementUtils.clickOnElement(WebElementUtils.java:38)
	at pages.CartPage.openProductPreview(CartPage.java:62)
	at stepDefinitions.CartFlowSteps.i_visualize_the_first_product_on_page(CartFlowSteps.java:20)
	at ✽.I visualize the first product on page(file:///C:/QAConsultants/PoCs/ECommerceQA/Features/CartFlow.feature:27)
]]>
        </failure>
    </testcase>
    <testcase classname="ECommerce Cart Flow" name="Add product to cart and change quantity 3" time="3.51">
        <failure message="Element &lt;a class=&quot;product_img_link&quot; href=&quot;http://automationpractice.com/index.php?id_product=1&amp;controller=product&amp;search_query=Faded+Short+Sleeve+T-shirts&amp;results=1&quot;&gt; could not be scrolled into view&#10;Build info: version: '3.141.59', revision: 'e82be7d358', time: '2018-11-14T08:17:03'&#10;System info: host: 'LAPTOP-MO618RGM', ip: '172.20.144.1', os.name: 'Windows 11', os.arch: 'amd64', os.version: '10.0', java.version: '11.0.14'&#10;Driver info: org.openqa.selenium.remote.RemoteWebDriver&#10;Capabilities {acceptInsecureCerts: true, browserName: firefox, browserVersion: 99.0.1, javascriptEnabled: true, moz:accessibilityChecks: false, moz:buildID: 20220411174855, moz:geckodriverVersion: 0.31.0, moz:headless: false, moz:processID: 147, moz:profile: /tmp/rust_mozprofilesZx1ht, moz:shutdownTimeout: 60000, moz:useNonSpecCompliantPointerOrigin: false, moz:webdriverClick: true, pageLoadStrategy: normal, platform: ANY, platformName: ANY, platformVersion: 5.10.16.3-microsoft-standar..., proxy: Proxy(), se:cdp: ws://172.17.0.2:4444/sessio..., se:noVncPort: 7900, se:vnc: ws://172.17.0.2:4444/sessio..., se:vncEnabled: true, se:vncLocalAddress: ws://172.17.0.2:7900, setWindowRect: true, strictFileInteractability: false, timeouts: {implicit: 0, pageLoad: 300000, script: 30000}, unhandledPromptBehavior: dismiss and notify, version: }&#10;Session ID: 58ca2516-72b7-4d6a-b4c1-bbf7b09feb94" type="org.openqa.selenium.ElementNotInteractableException">
            <![CDATA[Given I launch browser......................................................passed
When I open the Automation Ecommerce WebSite................................passed
Then I search for a product "Faded Short Sleeve T-shirts"...................passed
Then I visualize the first product on page..................................failed
Then I click on Add to cart.................................................skipped
Then I close the cart preview...............................................skipped
Then I open the full cart shopping..........................................skipped
Then I will validate the results: -10 1 refused.............................skipped
And Close browser...........................................................skipped

StackTrace:
org.openqa.selenium.ElementNotInteractableException: Element <a class="product_img_link" href="http://automationpractice.com/index.php?id_product=1&controller=product&search_query=Faded+Short+Sleeve+T-shirts&results=1"> could not be scrolled into view
Build info: version: '3.141.59', revision: 'e82be7d358', time: '2018-11-14T08:17:03'
System info: host: 'LAPTOP-MO618RGM', ip: '172.20.144.1', os.name: 'Windows 11', os.arch: 'amd64', os.version: '10.0', java.version: '11.0.14'
Driver info: org.openqa.selenium.remote.RemoteWebDriver
Capabilities {acceptInsecureCerts: true, browserName: firefox, browserVersion: 99.0.1, javascriptEnabled: true, moz:accessibilityChecks: false, moz:buildID: 20220411174855, moz:geckodriverVersion: 0.31.0, moz:headless: false, moz:processID: 147, moz:profile: /tmp/rust_mozprofilesZx1ht, moz:shutdownTimeout: 60000, moz:useNonSpecCompliantPointerOrigin: false, moz:webdriverClick: true, pageLoadStrategy: normal, platform: ANY, platformName: ANY, platformVersion: 5.10.16.3-microsoft-standar..., proxy: Proxy(), se:cdp: ws://172.17.0.2:4444/sessio..., se:noVncPort: 7900, se:vnc: ws://172.17.0.2:4444/sessio..., se:vncEnabled: true, se:vncLocalAddress: ws://172.17.0.2:7900, setWindowRect: true, strictFileInteractability: false, timeouts: {implicit: 0, pageLoad: 300000, script: 30000}, unhandledPromptBehavior: dismiss and notify, version: }
Session ID: 58ca2516-72b7-4d6a-b4c1-bbf7b09feb94
	at java.base/jdk.internal.reflect.NativeConstructorAccessorImpl.newInstance0(Native Method)
	at java.base/jdk.internal.reflect.NativeConstructorAccessorImpl.newInstance(NativeConstructorAccessorImpl.java:62)
	at java.base/jdk.internal.reflect.DelegatingConstructorAccessorImpl.newInstance(DelegatingConstructorAccessorImpl.java:45)
	at java.base/java.lang.reflect.Constructor.newInstance(Constructor.java:490)
	at org.openqa.selenium.remote.http.W3CHttpResponseCodec.createException(W3CHttpResponseCodec.java:187)
	at org.openqa.selenium.remote.http.W3CHttpResponseCodec.decode(W3CHttpResponseCodec.java:122)
	at org.openqa.selenium.remote.http.W3CHttpResponseCodec.decode(W3CHttpResponseCodec.java:49)
	at org.openqa.selenium.remote.HttpCommandExecutor.execute(HttpCommandExecutor.java:158)
	at org.openqa.selenium.remote.RemoteWebDriver.execute(RemoteWebDriver.java:552)
	at org.openqa.selenium.remote.RemoteWebElement.execute(RemoteWebElement.java:285)
	at org.openqa.selenium.remote.RemoteWebElement.click(RemoteWebElement.java:84)
	at java.base/jdk.internal.reflect.NativeMethodAccessorImpl.invoke0(Native Method)
	at java.base/jdk.internal.reflect.NativeMethodAccessorImpl.invoke(NativeMethodAccessorImpl.java:62)
	at java.base/jdk.internal.reflect.DelegatingMethodAccessorImpl.invoke(DelegatingMethodAccessorImpl.java:43)
	at java.base/java.lang.reflect.Method.invoke(Method.java:566)
	at org.openqa.selenium.support.pagefactory.internal.LocatingElementHandler.invoke(LocatingElementHandler.java:51)
	at com.sun.proxy.$Proxy18.click(Unknown Source)
	at utils.WebElementUtils.clickOnElement(WebElementUtils.java:38)
	at pages.CartPage.openProductPreview(CartPage.java:62)
	at stepDefinitions.CartFlowSteps.i_visualize_the_first_product_on_page(CartFlowSteps.java:20)
	at ✽.I visualize the first product on page(file:///C:/QAConsultants/PoCs/ECommerceQA/Features/CartFlow.feature:27)
]]>
        </failure>
    </testcase>
    <testcase classname="ECommerce Cart Flow" name="Add product to cart and change quantity 4" time="3.464">
        <failure message="Element &lt;a class=&quot;product_img_link&quot; href=&quot;http://automationpractice.com/index.php?id_product=1&amp;controller=product&amp;search_query=Faded+Short+Sleeve+T-shirts&amp;results=1&quot;&gt; could not be scrolled into view&#10;Build info: version: '3.141.59', revision: 'e82be7d358', time: '2018-11-14T08:17:03'&#10;System info: host: 'LAPTOP-MO618RGM', ip: '172.20.144.1', os.name: 'Windows 11', os.arch: 'amd64', os.version: '10.0', java.version: '11.0.14'&#10;Driver info: org.openqa.selenium.remote.RemoteWebDriver&#10;Capabilities {acceptInsecureCerts: true, browserName: firefox, browserVersion: 99.0.1, javascriptEnabled: true, moz:accessibilityChecks: false, moz:buildID: 20220411174855, moz:geckodriverVersion: 0.31.0, moz:headless: false, moz:processID: 147, moz:profile: /tmp/rust_mozprofilesZx1ht, moz:shutdownTimeout: 60000, moz:useNonSpecCompliantPointerOrigin: false, moz:webdriverClick: true, pageLoadStrategy: normal, platform: ANY, platformName: ANY, platformVersion: 5.10.16.3-microsoft-standar..., proxy: Proxy(), se:cdp: ws://172.17.0.2:4444/sessio..., se:noVncPort: 7900, se:vnc: ws://172.17.0.2:4444/sessio..., se:vncEnabled: true, se:vncLocalAddress: ws://172.17.0.2:7900, setWindowRect: true, strictFileInteractability: false, timeouts: {implicit: 0, pageLoad: 300000, script: 30000}, unhandledPromptBehavior: dismiss and notify, version: }&#10;Session ID: 58ca2516-72b7-4d6a-b4c1-bbf7b09feb94" type="org.openqa.selenium.ElementNotInteractableException">
            <![CDATA[Given I launch browser......................................................passed
When I open the Automation Ecommerce WebSite................................passed
Then I search for a product "Faded Short Sleeve T-shirts"...................passed
Then I visualize the first product on page..................................failed
Then I click on Add to cart.................................................skipped
Then I close the cart preview...............................................skipped
Then I open the full cart shopping..........................................skipped
Then I will validate the results: 0 0 removed...............................skipped
And Close browser...........................................................skipped

StackTrace:
org.openqa.selenium.ElementNotInteractableException: Element <a class="product_img_link" href="http://automationpractice.com/index.php?id_product=1&controller=product&search_query=Faded+Short+Sleeve+T-shirts&results=1"> could not be scrolled into view
Build info: version: '3.141.59', revision: 'e82be7d358', time: '2018-11-14T08:17:03'
System info: host: 'LAPTOP-MO618RGM', ip: '172.20.144.1', os.name: 'Windows 11', os.arch: 'amd64', os.version: '10.0', java.version: '11.0.14'
Driver info: org.openqa.selenium.remote.RemoteWebDriver
Capabilities {acceptInsecureCerts: true, browserName: firefox, browserVersion: 99.0.1, javascriptEnabled: true, moz:accessibilityChecks: false, moz:buildID: 20220411174855, moz:geckodriverVersion: 0.31.0, moz:headless: false, moz:processID: 147, moz:profile: /tmp/rust_mozprofilesZx1ht, moz:shutdownTimeout: 60000, moz:useNonSpecCompliantPointerOrigin: false, moz:webdriverClick: true, pageLoadStrategy: normal, platform: ANY, platformName: ANY, platformVersion: 5.10.16.3-microsoft-standar..., proxy: Proxy(), se:cdp: ws://172.17.0.2:4444/sessio..., se:noVncPort: 7900, se:vnc: ws://172.17.0.2:4444/sessio..., se:vncEnabled: true, se:vncLocalAddress: ws://172.17.0.2:7900, setWindowRect: true, strictFileInteractability: false, timeouts: {implicit: 0, pageLoad: 300000, script: 30000}, unhandledPromptBehavior: dismiss and notify, version: }
Session ID: 58ca2516-72b7-4d6a-b4c1-bbf7b09feb94
	at java.base/jdk.internal.reflect.NativeConstructorAccessorImpl.newInstance0(Native Method)
	at java.base/jdk.internal.reflect.NativeConstructorAccessorImpl.newInstance(NativeConstructorAccessorImpl.java:62)
	at java.base/jdk.internal.reflect.DelegatingConstructorAccessorImpl.newInstance(DelegatingConstructorAccessorImpl.java:45)
	at java.base/java.lang.reflect.Constructor.newInstance(Constructor.java:490)
	at org.openqa.selenium.remote.http.W3CHttpResponseCodec.createException(W3CHttpResponseCodec.java:187)
	at org.openqa.selenium.remote.http.W3CHttpResponseCodec.decode(W3CHttpResponseCodec.java:122)
	at org.openqa.selenium.remote.http.W3CHttpResponseCodec.decode(W3CHttpResponseCodec.java:49)
	at org.openqa.selenium.remote.HttpCommandExecutor.execute(HttpCommandExecutor.java:158)
	at org.openqa.selenium.remote.RemoteWebDriver.execute(RemoteWebDriver.java:552)
	at org.openqa.selenium.remote.RemoteWebElement.execute(RemoteWebElement.java:285)
	at org.openqa.selenium.remote.RemoteWebElement.click(RemoteWebElement.java:84)
	at jdk.internal.reflect.GeneratedMethodAccessor58.invoke(Unknown Source)
	at java.base/jdk.internal.reflect.DelegatingMethodAccessorImpl.invoke(DelegatingMethodAccessorImpl.java:43)
	at java.base/java.lang.reflect.Method.invoke(Method.java:566)
	at org.openqa.selenium.support.pagefactory.internal.LocatingElementHandler.invoke(LocatingElementHandler.java:51)
	at com.sun.proxy.$Proxy18.click(Unknown Source)
	at utils.WebElementUtils.clickOnElement(WebElementUtils.java:38)
	at pages.CartPage.openProductPreview(CartPage.java:62)
	at stepDefinitions.CartFlowSteps.i_visualize_the_first_product_on_page(CartFlowSteps.java:20)
	at ✽.I visualize the first product on page(file:///C:/QAConsultants/PoCs/ECommerceQA/Features/CartFlow.feature:27)
]]>
        </failure>
    </testcase>
    <testcase classname="ECommerce Login" name="Login on ECommerce platform" time="7.55">
        <system-out>
            <![CDATA[Given I launch browser......................................................passed
When I open the Automation Ecommerce WebSite................................passed
Then I click on Login button................................................passed
Then I input "rdrg.furlan@gmail.com" in email address.......................passed
Then I input "123123" in password...........................................passed
Then I click on signin button...............................................passed
Then I will see the Logout button...........................................passed
And Close browser...........................................................passed
]]>
        </system-out>
    </testcase>
    <testcase classname="ECommerce Login" name="Error when tried to login with invalid credentials" time="16.175">
        <system-out>
            <![CDATA[Given I launch browser......................................................passed
When I open the Automation Ecommerce WebSite................................passed
Then I click on Login button................................................passed
Then I input "invalid@invalid.com" in email address.........................passed
Then I input "123123" in password...........................................passed
Then I click on signin button...............................................passed
Then I will see the error message "Authentication failed"...................passed
And Close browser...........................................................passed
]]>
        </system-out>
    </testcase>
    <testcase classname="ECommerce Login" name="Login on ECommerce with DataTables values" time="19.564">
        <system-out>
            <![CDATA[Given I launch browser......................................................passed
When I open the Automation Ecommerce WebSite................................passed
Then I try to signin with these credentials:................................passed
Then I will see the Logout button...........................................passed
And Close browser...........................................................passed
]]>
        </system-out>
    </testcase>
    <testcase classname="ECommerce Login" name="Error when tried to login with invalid credentials in DataTables values" time="12.822">
        <system-out>
            <![CDATA[Given I launch browser......................................................passed
When I open the Automation Ecommerce WebSite................................passed
Then I try to signin with these credentials:................................passed
Then I will see the error message "Authentication failed"...................passed
And Close browser...........................................................passed
]]>
        </system-out>
    </testcase>
    <testcase classname="ECommerce Login" name="Sign In with parameterized data" time="12.463">
        <system-out>
            <![CDATA[Given I launch browser......................................................passed
When I open the Automation Ecommerce WebSite................................passed
Then I will validate the credentials: invalid@invalid.com 123123 false......passed
And Close browser...........................................................passed
]]>
        </system-out>
    </testcase>
    <testcase classname="ECommerce Login" name="Sign In with parameterized data 2" time="14.371">
        <system-out>
            <![CDATA[Given I launch browser......................................................passed
When I open the Automation Ecommerce WebSite................................passed
Then I will validate the credentials: anotherInvalid@invalid.com 123123 false.passed
And Close browser...........................................................passed
]]>
        </system-out>
    </testcase>
    <testcase classname="ECommerce Login" name="Sign In with parameterized data 3" time="15.448">
        <system-out>
            <![CDATA[Given I launch browser......................................................passed
When I open the Automation Ecommerce WebSite................................passed
Then I will validate the credentials: rdrg.furlan@gmail.com 123123 true.....passed
And Close browser...........................................................passed
]]>
        </system-out>
    </testcase>
</testsuite>
